  Board.cpp
  Project_3_Minesweeper.cpp
Z:\Project_3_Minesweeper\Project_3_Minesweeper\Project_3_Minesweeper.cpp(64,45): warning C4018: '<': signed/unsigned mismatch
Z:\Project_3_Minesweeper\Project_3_Minesweeper\Project_3_Minesweeper.cpp(93,50): warning C4018: '>=': signed/unsigned mismatch
Z:\Project_3_Minesweeper\Project_3_Minesweeper\Project_3_Minesweeper.cpp(93,103): warning C4018: '<': signed/unsigned mismatch
Z:\Project_3_Minesweeper\Project_3_Minesweeper\Project_3_Minesweeper.cpp(97,53): warning C4018: '>': signed/unsigned mismatch
Z:\Project_3_Minesweeper\Project_3_Minesweeper\Project_3_Minesweeper.cpp(97,108): warning C4018: '<': signed/unsigned mismatch
Z:\Project_3_Minesweeper\Project_3_Minesweeper\Project_3_Minesweeper.cpp(106,58): warning C4018: '>': signed/unsigned mismatch
Z:\Project_3_Minesweeper\Project_3_Minesweeper\Project_3_Minesweeper.cpp(106,119): warning C4018: '<': signed/unsigned mismatch
Z:\Project_3_Minesweeper\Project_3_Minesweeper\Project_3_Minesweeper.cpp(111,58): warning C4018: '>': signed/unsigned mismatch
Z:\Project_3_Minesweeper\Project_3_Minesweeper\Project_3_Minesweeper.cpp(111,118): warning C4018: '<': signed/unsigned mismatch
Z:\Project_3_Minesweeper\Project_3_Minesweeper\Project_3_Minesweeper.cpp(116,58): warning C4018: '>': signed/unsigned mismatch
Z:\Project_3_Minesweeper\Project_3_Minesweeper\Project_3_Minesweeper.cpp(116,119): warning C4018: '<': signed/unsigned mismatch
Z:\Project_3_Minesweeper\Project_3_Minesweeper\Project_3_Minesweeper.cpp(121,58): warning C4018: '>': signed/unsigned mismatch
Z:\Project_3_Minesweeper\Project_3_Minesweeper\Project_3_Minesweeper.cpp(121,119): warning C4018: '<': signed/unsigned mismatch
Z:\Project_3_Minesweeper\Project_3_Minesweeper\Project_3_Minesweeper.cpp(131,45): warning C4018: '>=': signed/unsigned mismatch
Z:\Project_3_Minesweeper\Project_3_Minesweeper\Project_3_Minesweeper.cpp(131,98): warning C4018: '<': signed/unsigned mismatch
Z:\Project_3_Minesweeper\Project_3_Minesweeper\Project_3_Minesweeper.cpp(133,49): warning C4018: '>': signed/unsigned mismatch
Z:\Project_3_Minesweeper\Project_3_Minesweeper\Project_3_Minesweeper.cpp(133,104): warning C4018: '<': signed/unsigned mismatch
Z:\Project_3_Minesweeper\Project_3_Minesweeper\Project_3_Minesweeper.cpp(142,54): warning C4018: '>': signed/unsigned mismatch
Z:\Project_3_Minesweeper\Project_3_Minesweeper\Project_3_Minesweeper.cpp(142,115): warning C4018: '<': signed/unsigned mismatch
Z:\Project_3_Minesweeper\Project_3_Minesweeper\Project_3_Minesweeper.cpp(150,54): warning C4018: '>': signed/unsigned mismatch
Z:\Project_3_Minesweeper\Project_3_Minesweeper\Project_3_Minesweeper.cpp(150,115): warning C4018: '<': signed/unsigned mismatch
Z:\Project_3_Minesweeper\Project_3_Minesweeper\Project_3_Minesweeper.cpp(158,54): warning C4018: '>': signed/unsigned mismatch
Z:\Project_3_Minesweeper\Project_3_Minesweeper\Project_3_Minesweeper.cpp(158,115): warning C4018: '<': signed/unsigned mismatch
Z:\Project_3_Minesweeper\Project_3_Minesweeper\Project_3_Minesweeper.cpp(265,88): warning C4244: 'argument': conversion from 'unsigned int' to 'float', possible loss of data
Z:\Project_3_Minesweeper\Project_3_Minesweeper\Project_3_Minesweeper.cpp(265,60): warning C4244: 'argument': conversion from 'unsigned int' to 'float', possible loss of data
Z:\Project_3_Minesweeper\Project_3_Minesweeper\Project_3_Minesweeper.cpp(266,88): warning C4244: 'argument': conversion from 'unsigned int' to 'float', possible loss of data
Z:\Project_3_Minesweeper\Project_3_Minesweeper\Project_3_Minesweeper.cpp(266,60): warning C4244: 'argument': conversion from 'unsigned int' to 'float', possible loss of data
Z:\Project_3_Minesweeper\Project_3_Minesweeper\Project_3_Minesweeper.cpp(267,88): warning C4244: 'argument': conversion from 'unsigned int' to 'float', possible loss of data
Z:\Project_3_Minesweeper\Project_3_Minesweeper\Project_3_Minesweeper.cpp(267,60): warning C4244: 'argument': conversion from 'unsigned int' to 'float', possible loss of data
Z:\Project_3_Minesweeper\Project_3_Minesweeper\Project_3_Minesweeper.cpp(268,88): warning C4244: 'argument': conversion from 'unsigned int' to 'float', possible loss of data
Z:\Project_3_Minesweeper\Project_3_Minesweeper\Project_3_Minesweeper.cpp(268,60): warning C4244: 'argument': conversion from 'unsigned int' to 'float', possible loss of data
Z:\Project_3_Minesweeper\Project_3_Minesweeper\Project_3_Minesweeper.cpp(276,90): warning C4244: 'argument': conversion from 'unsigned int' to 'float', possible loss of data
Z:\Project_3_Minesweeper\Project_3_Minesweeper\Project_3_Minesweeper.cpp(276,64): warning C4244: 'argument': conversion from 'unsigned int' to 'float', possible loss of data
Z:\Project_3_Minesweeper\Project_3_Minesweeper\Project_3_Minesweeper.cpp(281,89): warning C4244: 'argument': conversion from 'unsigned int' to 'float', possible loss of data
Z:\Project_3_Minesweeper\Project_3_Minesweeper\Project_3_Minesweeper.cpp(281,63): warning C4244: 'argument': conversion from 'unsigned int' to 'float', possible loss of data
Z:\Project_3_Minesweeper\Project_3_Minesweeper\Project_3_Minesweeper.cpp(286,88): warning C4244: 'argument': conversion from 'unsigned int' to 'float', possible loss of data
Z:\Project_3_Minesweeper\Project_3_Minesweeper\Project_3_Minesweeper.cpp(286,62): warning C4244: 'argument': conversion from 'unsigned int' to 'float', possible loss of data
Z:\Project_3_Minesweeper\Project_3_Minesweeper\Project_3_Minesweeper.cpp(342,57): warning C4244: 'argument': conversion from 'unsigned int' to 'float', possible loss of data
Z:\Project_3_Minesweeper\Project_3_Minesweeper\Project_3_Minesweeper.cpp(353,58): warning C4244: 'argument': conversion from 'unsigned int' to 'float', possible loss of data
Z:\Project_3_Minesweeper\Project_3_Minesweeper\Project_3_Minesweeper.cpp(356,58): warning C4244: 'argument': conversion from 'unsigned int' to 'float', possible loss of data
  RNG.cpp
Z:\Project_3_Minesweeper\Project_3_Minesweeper\RNG.cpp(6,30): warning C4244: 'argument': conversion from 'time_t' to 'unsigned int', possible loss of data
  TextureHelper.cpp
  Tile.cpp
  Generating code
  477 of 487 functions (97.9%) were compiled, the rest were copied from previous compilation.
    3 functions were new in current compilation
    2 functions had inline decision re-evaluated but remain unchanged
  Finished generating code
  Project_3_Minesweeper.vcxproj -> Z:\Project_3_Minesweeper\x64\Release\Project_3_Minesweeper.exe
